<?xml version="1.0" encoding="UTF-8"?>
<!-- Generated by org.testng.reporters.JUnitReportReporter -->
<testsuite hostname="LAPTOP-RQTF7CVE" failures="0" tests="1" name="com.TestLayer.TC_002_AddNewCustomer" time="6.212" errors="0" timestamp="2023-03-25T19:55:12 IST" skipped="0">
  <testcase classname="com.TestLayer.TC_002_AddNewCustomer" name="AddNewCustomer" time="6.212"/>
  <system-out/>
</testsuite> <!-- com.TestLayer.TC_002_AddNewCustomer -->
