<?xml version="1.0" encoding="UTF-8"?>
<!-- Generated by org.testng.reporters.JUnitReportReporter -->
<testsuite hostname="LAPTOP-RQTF7CVE" failures="0" tests="1" name="com.TestLayer.TC_002_AddNewCustomer" time="4.901" errors="0" timestamp="2023-03-26T19:38:55 IST" skipped="0">
  <testcase classname="com.TestLayer.TC_002_AddNewCustomer" name="AddNewCustomer" time="4.901"/>
  <system-out/>
</testsuite> <!-- com.TestLayer.TC_002_AddNewCustomer -->
