<?xml version="1.0" encoding="UTF-8"?>
<!-- Generated by org.testng.reporters.JUnitReportReporter -->
<testsuite hostname="LAPTOP-RQTF7CVE" failures="0" tests="1" name="com.TestLayer.TC_001_LoginTest" time="3.573" errors="0" timestamp="2023-03-26T19:38:55 IST" skipped="0">
  <testcase classname="com.TestLayer.TC_001_LoginTest" name="logincheck" time="3.573"/>
  <system-out/>
</testsuite> <!-- com.TestLayer.TC_001_LoginTest -->
